2014-09-12 20:13:38 +0000: topic
2014-09-12 20:13:38 +0000: topic
2014-09-12 20:13:38 +0000: topic
2014-09-12 20:13:38 +0000: topic
2014-09-12 20:13:38 +0000: asdf
2014-09-12 20:13:38 +0000: efe
2014-09-12 20:13:38 +0000: asdfa
2014-09-12 20:13:38 +0000: huh
2014-09-12 20:13:38 +0000: euhfeu
2014-09-12 20:13:38 +0000: fweufhwueofhoweufhwu
2014-09-12 20:13:38 +0000: ofewuhufoweh
2014-09-12 20:13:38 +0000: fehowufuwehfuwehf
2014-09-12 20:13:38 +0000: wufo
2014-09-12 20:13:38 +0000: ehwfuhewfwehf
2014-09-12 20:13:38 +0000: ueoh
2014-09-12 20:13:38 +0000: fwuhfu
2014-09-12 20:13:38 +0000: ewohfweew
2014-09-12 20:13:38 +0000: weuehfoefwhefw
2014-09-12 20:13:41 +0000: sdfs
2014-09-12 20:13:42 +0000: fewf
2014-09-12 20:13:42 +0000: w
2014-09-12 20:13:44 +0000: efweifjweifjowefiwefjweifwe
2014-09-12 20:13:45 +0000: fjweiofwejfiwejioewfjofe
2014-09-12 20:13:46 +0000: wjfiowejfiewfjeiwjfei
2014-09-12 20:13:47 +0000: aa
2014-09-12 20:13:47 +0000: a
2014-09-12 20:13:47 +0000: a
2014-09-12 20:13:48 +0000: a
2014-09-12 20:13:48 +0000: a
2014-09-12 20:13:48 +0000: a
2014-09-12 20:13:48 +0000: a
2014-09-12 20:13:48 +0000: a
2014-09-12 20:13:48 +0000: a
2014-09-12 20:13:49 +0000: 
2014-09-12 20:13:49 +0000: a
2014-09-12 20:13:50 +0000: a
2014-09-12 20:13:50 +0000: a
2014-09-12 20:13:50 +0000: a
2014-09-12 20:13:50 +0000: aa
2014-09-12 20:13:50 +0000: 
2014-09-12 20:13:50 +0000: a
2014-09-12 20:13:50 +0000: a
2014-09-12 20:13:51 +0000: a
2014-09-12 20:13:51 +0000: a
2014-09-12 20:13:51 +0000: 
2014-09-12 20:13:51 +0000: a
2014-09-12 20:13:51 +0000: a
2014-09-12 20:13:51 +0000: a
2014-09-12 20:13:51 +0000: a
2014-09-12 20:13:51 +0000: 
2014-09-12 20:13:51 +0000: a
2014-09-12 20:13:58 +0000: aaa
2014-09-12 20:36:30 +0000: topic
2014-09-12 20:36:30 +0000: topic
2014-09-12 20:36:30 +0000: topic
2014-09-12 20:36:30 +0000: topic
2014-09-12 20:36:30 +0000: asdf
2014-09-12 20:36:30 +0000: efe
2014-09-12 20:36:30 +0000: asdfa
2014-09-12 20:36:30 +0000: huh
2014-09-12 20:36:30 +0000: euhfeu
2014-09-12 20:36:30 +0000: fweufhwueofhoweufhwu
2014-09-12 20:36:30 +0000: ofewuhufoweh
2014-09-12 20:36:30 +0000: fehowufuwehfuwehf
2014-09-12 20:36:30 +0000: wufo
2014-09-12 20:36:30 +0000: ehwfuhewfwehf
2014-09-12 20:36:30 +0000: ueoh
2014-09-12 20:36:30 +0000: fwuhfu
2014-09-12 20:36:30 +0000: ewohfweew
2014-09-12 20:36:30 +0000: weuehfoefwhefw
2014-09-12 20:36:30 +0000: sdfs
2014-09-12 20:36:30 +0000: fewf
2014-09-12 20:36:30 +0000: w
2014-09-12 20:36:30 +0000: efweifjweifjowefiwefjweifwe
2014-09-12 20:36:30 +0000: fjweiofwejfiwejioewfjofe
2014-09-12 20:36:30 +0000: wjfiowejfiewfjeiwjfei
2014-09-12 20:36:30 +0000: aa
2014-09-12 20:36:30 +0000: a
2014-09-12 20:36:30 +0000: a
2014-09-12 20:36:30 +0000: a
2014-09-12 20:36:30 +0000: a
2014-09-12 20:36:30 +0000: a
2014-09-12 20:36:30 +0000: a
2014-09-12 20:36:30 +0000: a
2014-09-12 20:36:30 +0000: a
2014-09-12 20:36:30 +0000: 
2014-09-12 20:36:30 +0000: a
2014-09-12 20:36:30 +0000: a
2014-09-12 20:36:30 +0000: a
2014-09-12 20:36:30 +0000: a
2014-09-12 20:36:30 +0000: aa
2014-09-12 20:36:30 +0000: 
2014-09-12 20:36:30 +0000: a
2014-09-12 20:36:30 +0000: a
2014-09-12 20:36:30 +0000: a
2014-09-12 20:36:30 +0000: a
2014-09-12 20:36:30 +0000: 
2014-09-12 20:36:30 +0000: a
2014-09-12 20:36:30 +0000: a
2014-09-12 20:36:30 +0000: a
2014-09-12 20:36:30 +0000: a
2014-09-12 20:36:30 +0000: 
2014-09-12 20:36:30 +0000: a
2014-09-12 20:36:30 +0000: aaa
2014-09-12 20:37:40 +0000: wefwef
2014-09-12 20:37:41 +0000: ewfew
2014-09-12 20:37:42 +0000: fqwqe
2014-09-12 20:37:42 +0000: wq
2014-09-12 20:37:42 +0000: e
2014-09-12 20:37:42 +0000: 
2014-09-12 20:37:43 +0000: w
2014-09-12 20:37:43 +0000: t
2014-09-12 20:37:43 +0000: we
2014-09-12 20:37:43 +0000: tew
2014-09-12 20:37:44 +0000: r
2014-09-12 20:37:44 +0000: q
2014-09-12 20:37:44 +0000: w
2014-09-12 20:37:44 +0000: e
2014-09-12 20:37:44 +0000: qw
2014-09-12 20:37:44 +0000: e
2014-09-12 20:37:45 +0000: we
2014-09-12 20:37:45 +0000: r
2014-09-12 20:37:45 +0000: t
2014-09-12 20:37:45 +0000: 
2014-09-12 20:37:45 +0000: re
2014-09-12 20:37:46 +0000: tg
2014-09-12 20:37:46 +0000: 
2014-09-12 20:37:46 +0000: er
2014-09-12 20:37:46 +0000: 35
2014-09-12 20:37:47 +0000: 24
2014-09-12 20:37:47 +0000: g24
2014-09-12 20:37:47 +0000: g
2014-09-12 20:37:48 +0000: 32
2014-09-12 20:37:48 +0000: g13
2014-09-12 20:37:48 +0000: t
2014-09-12 20:37:48 +0000: g13
2014-09-12 20:37:48 +0000: g
2014-09-12 20:37:48 +0000: 13
2014-09-12 20:37:49 +0000: 13
2014-09-12 20:37:49 +0000: g31
2014-09-12 20:37:49 +0000: 
2014-09-12 20:37:49 +0000: 13
2014-09-12 20:37:49 +0000: g31
2014-09-12 20:37:50 +0000: g
2014-09-12 20:37:50 +0000: 31
2014-09-12 20:37:51 +0000: g31
2014-09-12 20:37:51 +0000: g
2014-09-12 20:37:51 +0000: 13
2014-09-12 20:37:53 +0000: g13r31hfu31fh31ufh13u13ufhu3h
2014-09-12 20:37:55 +0000: 31f13f13lf3j1f1ji3ofji1
2014-09-12 20:37:55 +0000: 131
2014-09-12 20:37:59 +0000: 3f13iofjio13jfoi13foi31fo3i1j13oi3jfio13fjo31foi3joifoi13jfeklfjlkjkfsdf
2014-09-12 20:37:59 +0000: ds
2014-09-12 20:38:01 +0000: sdsdkllfdkskdslsdsdlkfdsklfsdlfdsk
2014-09-12 20:38:03 +0000: dsflkdskd
2014-09-12 20:38:03 +0000: dkdkd
2014-09-12 20:38:04 +0000: kdkdkd
2014-09-12 20:38:05 +0000: dkdkdd
2014-09-12 20:38:06 +0000: dkdkdkd
2014-09-12 20:38:08 +0000: dkdkddkd
2014-09-12 20:38:08 +0000: d
2014-09-12 20:38:09 +0000: dd
2014-09-12 20:38:09 +0000: dkd
2014-09-12 20:38:19 +0000: dkdkddsfjoidsf
2014-09-12 20:38:28 +0000: qwe
2014-09-12 20:38:44 +0000: qwe2
2014-09-12 20:38:45 +0000: 3
2014-09-12 20:38:46 +0000: 1
2014-09-12 20:38:47 +0000: 3
2014-09-12 20:38:48 +0000: 2
2014-09-12 20:38:49 +0000: 1
2014-09-12 20:38:51 +0000: 0
2014-09-12 20:38:52 +0000: 
2014-09-12 20:38:56 +0000: 9
2014-09-12 20:38:59 +0000: 190348
2014-09-12 20:42:14 +0000: t7
2014-09-12 20:42:15 +0000: huh
2014-09-12 20:42:18 +0000: nini
2014-09-12 20:42:20 +0000: hih
2014-09-12 20:42:22 +0000: poiu
